I, [2014-05-08T23:29:23.987176 #1859]  INFO -- : Refreshing Gem list
/Users/dearboy/.rbenv/versions/2.1.1/lib/ruby/gems/2.1.0/gems/bundler-1.6.2/lib/bundler/runtime.rb:34:in `block in setup': You have already activated unicorn 4.8.3, but your Gemfile requires unicorn 4.8.2. Prepending `bundle exec` to your command may solve this. (Gem::LoadError)
	from /Users/dearboy/.rbenv/versions/2.1.1/lib/ruby/gems/2.1.0/gems/bundler-1.6.2/lib/bundler/runtime.rb:19:in `setup'
	from /Users/dearboy/.rbenv/versions/2.1.1/lib/ruby/gems/2.1.0/gems/bundler-1.6.2/lib/bundler.rb:120:in `setup'
	from /Users/dearboy/.rbenv/versions/2.1.1/lib/ruby/gems/2.1.0/gems/bundler-1.6.2/lib/bundler/setup.rb:17:in `<top (required)>'
	from /Users/dearboy/.rbenv/versions/2.1.1/lib/ruby/2.1.0/rubygems/core_ext/kernel_require.rb:135:in `require'
	from /Users/dearboy/.rbenv/versions/2.1.1/lib/ruby/2.1.0/rubygems/core_ext/kernel_require.rb:135:in `rescue in require'
	from /Users/dearboy/.rbenv/versions/2.1.1/lib/ruby/2.1.0/rubygems/core_ext/kernel_require.rb:144:in `require'
	from /Users/dearboy/Desktop/my_project/travelpic/travelpic/config/boot.rb:5:in `<top (required)>'
	from /Users/dearboy/.rbenv/versions/2.1.1/lib/ruby/2.1.0/rubygems/core_ext/kernel_require.rb:55:in `require'
	from /Users/dearboy/.rbenv/versions/2.1.1/lib/ruby/2.1.0/rubygems/core_ext/kernel_require.rb:55:in `require'
	from /Users/dearboy/Desktop/my_project/travelpic/travelpic/config/application.rb:1:in `<top (required)>'
	from /Users/dearboy/.rbenv/versions/2.1.1/lib/ruby/2.1.0/rubygems/core_ext/kernel_require.rb:55:in `require'
	from /Users/dearboy/.rbenv/versions/2.1.1/lib/ruby/2.1.0/rubygems/core_ext/kernel_require.rb:55:in `require'
	from /Users/dearboy/Desktop/my_project/travelpic/travelpic/config/environment.rb:2:in `<top (required)>'
	from /Users/dearboy/.rbenv/versions/2.1.1/lib/ruby/2.1.0/rubygems/core_ext/kernel_require.rb:55:in `require'
	from /Users/dearboy/.rbenv/versions/2.1.1/lib/ruby/2.1.0/rubygems/core_ext/kernel_require.rb:55:in `require'
	from config.ru:4:in `block in <main>'
	from /Users/dearboy/.rbenv/versions/2.1.1/lib/ruby/gems/2.1.0/gems/rack-1.5.2/lib/rack/builder.rb:55:in `instance_eval'
	from /Users/dearboy/.rbenv/versions/2.1.1/lib/ruby/gems/2.1.0/gems/rack-1.5.2/lib/rack/builder.rb:55:in `initialize'
	from config.ru:1:in `new'
	from config.ru:1:in `<main>'
	from /Users/dearboy/.rbenv/versions/2.1.1/lib/ruby/gems/2.1.0/gems/unicorn-4.8.3/lib/unicorn.rb:48:in `eval'
	from /Users/dearboy/.rbenv/versions/2.1.1/lib/ruby/gems/2.1.0/gems/unicorn-4.8.3/lib/unicorn.rb:48:in `block in builder'
	from /Users/dearboy/.rbenv/versions/2.1.1/lib/ruby/gems/2.1.0/gems/unicorn-4.8.3/bin/unicorn_rails:139:in `call'
	from /Users/dearboy/.rbenv/versions/2.1.1/lib/ruby/gems/2.1.0/gems/unicorn-4.8.3/bin/unicorn_rails:139:in `block in rails_builder'
	from /Users/dearboy/.rbenv/versions/2.1.1/lib/ruby/gems/2.1.0/gems/unicorn-4.8.3/lib/unicorn/http_server.rb:764:in `call'
	from /Users/dearboy/.rbenv/versions/2.1.1/lib/ruby/gems/2.1.0/gems/unicorn-4.8.3/lib/unicorn/http_server.rb:764:in `build_app!'
	from /Users/dearboy/.rbenv/versions/2.1.1/lib/ruby/gems/2.1.0/gems/unicorn-4.8.3/lib/unicorn/http_server.rb:137:in `start'
	from /Users/dearboy/.rbenv/versions/2.1.1/lib/ruby/gems/2.1.0/gems/unicorn-4.8.3/bin/unicorn_rails:209:in `<top (required)>'
	from /Users/dearboy/.rbenv/versions/2.1.1/bin/unicorn_rails:23:in `load'
	from /Users/dearboy/.rbenv/versions/2.1.1/bin/unicorn_rails:23:in `<main>'
I, [2014-05-08T23:29:52.204002 #1881]  INFO -- : Refreshing Gem list
/Users/dearboy/.rbenv/versions/2.1.1/lib/ruby/gems/2.1.0/gems/bundler-1.6.2/lib/bundler/runtime.rb:34:in `block in setup': You have already activated unicorn 4.8.3, but your Gemfile requires unicorn 4.8.2. Prepending `bundle exec` to your command may solve this. (Gem::LoadError)
	from /Users/dearboy/.rbenv/versions/2.1.1/lib/ruby/gems/2.1.0/gems/bundler-1.6.2/lib/bundler/runtime.rb:19:in `setup'
	from /Users/dearboy/.rbenv/versions/2.1.1/lib/ruby/gems/2.1.0/gems/bundler-1.6.2/lib/bundler.rb:120:in `setup'
	from /Users/dearboy/.rbenv/versions/2.1.1/lib/ruby/gems/2.1.0/gems/bundler-1.6.2/lib/bundler/setup.rb:17:in `<top (required)>'
	from /Users/dearboy/.rbenv/versions/2.1.1/lib/ruby/2.1.0/rubygems/core_ext/kernel_require.rb:135:in `require'
	from /Users/dearboy/.rbenv/versions/2.1.1/lib/ruby/2.1.0/rubygems/core_ext/kernel_require.rb:135:in `rescue in require'
	from /Users/dearboy/.rbenv/versions/2.1.1/lib/ruby/2.1.0/rubygems/core_ext/kernel_require.rb:144:in `require'
	from /Users/dearboy/Desktop/my_project/travelpic/travelpic/config/boot.rb:5:in `<top (required)>'
	from /Users/dearboy/.rbenv/versions/2.1.1/lib/ruby/2.1.0/rubygems/core_ext/kernel_require.rb:55:in `require'
	from /Users/dearboy/.rbenv/versions/2.1.1/lib/ruby/2.1.0/rubygems/core_ext/kernel_require.rb:55:in `require'
	from /Users/dearboy/Desktop/my_project/travelpic/travelpic/config/application.rb:1:in `<top (required)>'
	from /Users/dearboy/.rbenv/versions/2.1.1/lib/ruby/2.1.0/rubygems/core_ext/kernel_require.rb:55:in `require'
	from /Users/dearboy/.rbenv/versions/2.1.1/lib/ruby/2.1.0/rubygems/core_ext/kernel_require.rb:55:in `require'
	from /Users/dearboy/Desktop/my_project/travelpic/travelpic/config/environment.rb:2:in `<top (required)>'
	from /Users/dearboy/.rbenv/versions/2.1.1/lib/ruby/2.1.0/rubygems/core_ext/kernel_require.rb:55:in `require'
	from /Users/dearboy/.rbenv/versions/2.1.1/lib/ruby/2.1.0/rubygems/core_ext/kernel_require.rb:55:in `require'
	from config.ru:4:in `block in <main>'
	from /Users/dearboy/.rbenv/versions/2.1.1/lib/ruby/gems/2.1.0/gems/rack-1.5.2/lib/rack/builder.rb:55:in `instance_eval'
	from /Users/dearboy/.rbenv/versions/2.1.1/lib/ruby/gems/2.1.0/gems/rack-1.5.2/lib/rack/builder.rb:55:in `initialize'
	from config.ru:1:in `new'
	from config.ru:1:in `<main>'
	from /Users/dearboy/.rbenv/versions/2.1.1/lib/ruby/gems/2.1.0/gems/unicorn-4.8.3/lib/unicorn.rb:48:in `eval'
	from /Users/dearboy/.rbenv/versions/2.1.1/lib/ruby/gems/2.1.0/gems/unicorn-4.8.3/lib/unicorn.rb:48:in `block in builder'
	from /Users/dearboy/.rbenv/versions/2.1.1/lib/ruby/gems/2.1.0/gems/unicorn-4.8.3/bin/unicorn_rails:139:in `call'
	from /Users/dearboy/.rbenv/versions/2.1.1/lib/ruby/gems/2.1.0/gems/unicorn-4.8.3/bin/unicorn_rails:139:in `block in rails_builder'
	from /Users/dearboy/.rbenv/versions/2.1.1/lib/ruby/gems/2.1.0/gems/unicorn-4.8.3/lib/unicorn/http_server.rb:764:in `call'
	from /Users/dearboy/.rbenv/versions/2.1.1/lib/ruby/gems/2.1.0/gems/unicorn-4.8.3/lib/unicorn/http_server.rb:764:in `build_app!'
	from /Users/dearboy/.rbenv/versions/2.1.1/lib/ruby/gems/2.1.0/gems/unicorn-4.8.3/lib/unicorn/http_server.rb:137:in `start'
	from /Users/dearboy/.rbenv/versions/2.1.1/lib/ruby/gems/2.1.0/gems/unicorn-4.8.3/bin/unicorn_rails:209:in `<top (required)>'
	from /Users/dearboy/.rbenv/versions/2.1.1/bin/unicorn_rails:23:in `load'
	from /Users/dearboy/.rbenv/versions/2.1.1/bin/unicorn_rails:23:in `<main>'
I, [2014-05-08T23:31:33.625702 #1905]  INFO -- : Refreshing Gem list
/Users/dearboy/.rbenv/versions/2.1.1/lib/ruby/gems/2.1.0/gems/bundler-1.6.2/lib/bundler/runtime.rb:34:in `block in setup': You have already activated unicorn 4.8.3, but your Gemfile requires unicorn 4.8.2. Prepending `bundle exec` to your command may solve this. (Gem::LoadError)
	from /Users/dearboy/.rbenv/versions/2.1.1/lib/ruby/gems/2.1.0/gems/bundler-1.6.2/lib/bundler/runtime.rb:19:in `setup'
	from /Users/dearboy/.rbenv/versions/2.1.1/lib/ruby/gems/2.1.0/gems/bundler-1.6.2/lib/bundler.rb:120:in `setup'
	from /Users/dearboy/.rbenv/versions/2.1.1/lib/ruby/gems/2.1.0/gems/bundler-1.6.2/lib/bundler/setup.rb:17:in `<top (required)>'
	from /Users/dearboy/.rbenv/versions/2.1.1/lib/ruby/2.1.0/rubygems/core_ext/kernel_require.rb:135:in `require'
	from /Users/dearboy/.rbenv/versions/2.1.1/lib/ruby/2.1.0/rubygems/core_ext/kernel_require.rb:135:in `rescue in require'
	from /Users/dearboy/.rbenv/versions/2.1.1/lib/ruby/2.1.0/rubygems/core_ext/kernel_require.rb:144:in `require'
	from /Users/dearboy/Desktop/my_project/travelpic/travelpic/config/boot.rb:5:in `<top (required)>'
	from /Users/dearboy/.rbenv/versions/2.1.1/lib/ruby/2.1.0/rubygems/core_ext/kernel_require.rb:55:in `require'
	from /Users/dearboy/.rbenv/versions/2.1.1/lib/ruby/2.1.0/rubygems/core_ext/kernel_require.rb:55:in `require'
	from /Users/dearboy/Desktop/my_project/travelpic/travelpic/config/application.rb:1:in `<top (required)>'
	from /Users/dearboy/.rbenv/versions/2.1.1/lib/ruby/2.1.0/rubygems/core_ext/kernel_require.rb:55:in `require'
	from /Users/dearboy/.rbenv/versions/2.1.1/lib/ruby/2.1.0/rubygems/core_ext/kernel_require.rb:55:in `require'
	from /Users/dearboy/Desktop/my_project/travelpic/travelpic/config/environment.rb:2:in `<top (required)>'
	from /Users/dearboy/.rbenv/versions/2.1.1/lib/ruby/2.1.0/rubygems/core_ext/kernel_require.rb:55:in `require'
	from /Users/dearboy/.rbenv/versions/2.1.1/lib/ruby/2.1.0/rubygems/core_ext/kernel_require.rb:55:in `require'
	from config.ru:4:in `block in <main>'
	from /Users/dearboy/.rbenv/versions/2.1.1/lib/ruby/gems/2.1.0/gems/rack-1.5.2/lib/rack/builder.rb:55:in `instance_eval'
	from /Users/dearboy/.rbenv/versions/2.1.1/lib/ruby/gems/2.1.0/gems/rack-1.5.2/lib/rack/builder.rb:55:in `initialize'
	from config.ru:1:in `new'
	from config.ru:1:in `<main>'
	from /Users/dearboy/.rbenv/versions/2.1.1/lib/ruby/gems/2.1.0/gems/unicorn-4.8.3/lib/unicorn.rb:48:in `eval'
	from /Users/dearboy/.rbenv/versions/2.1.1/lib/ruby/gems/2.1.0/gems/unicorn-4.8.3/lib/unicorn.rb:48:in `block in builder'
	from /Users/dearboy/.rbenv/versions/2.1.1/lib/ruby/gems/2.1.0/gems/unicorn-4.8.3/bin/unicorn_rails:139:in `call'
	from /Users/dearboy/.rbenv/versions/2.1.1/lib/ruby/gems/2.1.0/gems/unicorn-4.8.3/bin/unicorn_rails:139:in `block in rails_builder'
	from /Users/dearboy/.rbenv/versions/2.1.1/lib/ruby/gems/2.1.0/gems/unicorn-4.8.3/lib/unicorn/http_server.rb:764:in `call'
	from /Users/dearboy/.rbenv/versions/2.1.1/lib/ruby/gems/2.1.0/gems/unicorn-4.8.3/lib/unicorn/http_server.rb:764:in `build_app!'
	from /Users/dearboy/.rbenv/versions/2.1.1/lib/ruby/gems/2.1.0/gems/unicorn-4.8.3/lib/unicorn/http_server.rb:137:in `start'
	from /Users/dearboy/.rbenv/versions/2.1.1/lib/ruby/gems/2.1.0/gems/unicorn-4.8.3/bin/unicorn_rails:209:in `<top (required)>'
	from /Users/dearboy/.rbenv/versions/2.1.1/bin/unicorn_rails:23:in `load'
	from /Users/dearboy/.rbenv/versions/2.1.1/bin/unicorn_rails:23:in `<main>'
I, [2014-05-08T23:36:37.259507 #1937]  INFO -- : Refreshing Gem list
/Users/dearboy/.rbenv/versions/2.1.1/lib/ruby/gems/2.1.0/gems/bundler-1.6.2/lib/bundler/runtime.rb:34:in `block in setup': You have already activated unicorn 4.8.3, but your Gemfile requires unicorn 4.8.2. Prepending `bundle exec` to your command may solve this. (Gem::LoadError)
	from /Users/dearboy/.rbenv/versions/2.1.1/lib/ruby/gems/2.1.0/gems/bundler-1.6.2/lib/bundler/runtime.rb:19:in `setup'
	from /Users/dearboy/.rbenv/versions/2.1.1/lib/ruby/gems/2.1.0/gems/bundler-1.6.2/lib/bundler.rb:120:in `setup'
	from /Users/dearboy/.rbenv/versions/2.1.1/lib/ruby/gems/2.1.0/gems/bundler-1.6.2/lib/bundler/setup.rb:17:in `<top (required)>'
	from /Users/dearboy/.rbenv/versions/2.1.1/lib/ruby/2.1.0/rubygems/core_ext/kernel_require.rb:135:in `require'
	from /Users/dearboy/.rbenv/versions/2.1.1/lib/ruby/2.1.0/rubygems/core_ext/kernel_require.rb:135:in `rescue in require'
	from /Users/dearboy/.rbenv/versions/2.1.1/lib/ruby/2.1.0/rubygems/core_ext/kernel_require.rb:144:in `require'
	from /Users/dearboy/Desktop/my_project/travelpic/travelpic/config/boot.rb:5:in `<top (required)>'
	from /Users/dearboy/.rbenv/versions/2.1.1/lib/ruby/2.1.0/rubygems/core_ext/kernel_require.rb:55:in `require'
	from /Users/dearboy/.rbenv/versions/2.1.1/lib/ruby/2.1.0/rubygems/core_ext/kernel_require.rb:55:in `require'
	from /Users/dearboy/Desktop/my_project/travelpic/travelpic/config/application.rb:1:in `<top (required)>'
	from /Users/dearboy/.rbenv/versions/2.1.1/lib/ruby/2.1.0/rubygems/core_ext/kernel_require.rb:55:in `require'
	from /Users/dearboy/.rbenv/versions/2.1.1/lib/ruby/2.1.0/rubygems/core_ext/kernel_require.rb:55:in `require'
	from /Users/dearboy/Desktop/my_project/travelpic/travelpic/config/environment.rb:2:in `<top (required)>'
	from /Users/dearboy/.rbenv/versions/2.1.1/lib/ruby/2.1.0/rubygems/core_ext/kernel_require.rb:55:in `require'
	from /Users/dearboy/.rbenv/versions/2.1.1/lib/ruby/2.1.0/rubygems/core_ext/kernel_require.rb:55:in `require'
	from config.ru:4:in `block in <main>'
	from /Users/dearboy/.rbenv/versions/2.1.1/lib/ruby/gems/2.1.0/gems/rack-1.5.2/lib/rack/builder.rb:55:in `instance_eval'
	from /Users/dearboy/.rbenv/versions/2.1.1/lib/ruby/gems/2.1.0/gems/rack-1.5.2/lib/rack/builder.rb:55:in `initialize'
	from config.ru:1:in `new'
	from config.ru:1:in `<main>'
	from /Users/dearboy/.rbenv/versions/2.1.1/lib/ruby/gems/2.1.0/gems/unicorn-4.8.3/lib/unicorn.rb:48:in `eval'
	from /Users/dearboy/.rbenv/versions/2.1.1/lib/ruby/gems/2.1.0/gems/unicorn-4.8.3/lib/unicorn.rb:48:in `block in builder'
	from /Users/dearboy/.rbenv/versions/2.1.1/lib/ruby/gems/2.1.0/gems/unicorn-4.8.3/bin/unicorn_rails:139:in `call'
	from /Users/dearboy/.rbenv/versions/2.1.1/lib/ruby/gems/2.1.0/gems/unicorn-4.8.3/bin/unicorn_rails:139:in `block in rails_builder'
	from /Users/dearboy/.rbenv/versions/2.1.1/lib/ruby/gems/2.1.0/gems/unicorn-4.8.3/lib/unicorn/http_server.rb:764:in `call'
	from /Users/dearboy/.rbenv/versions/2.1.1/lib/ruby/gems/2.1.0/gems/unicorn-4.8.3/lib/unicorn/http_server.rb:764:in `build_app!'
	from /Users/dearboy/.rbenv/versions/2.1.1/lib/ruby/gems/2.1.0/gems/unicorn-4.8.3/lib/unicorn/http_server.rb:137:in `start'
	from /Users/dearboy/.rbenv/versions/2.1.1/lib/ruby/gems/2.1.0/gems/unicorn-4.8.3/bin/unicorn_rails:209:in `<top (required)>'
	from /Users/dearboy/.rbenv/versions/2.1.1/bin/unicorn_rails:23:in `load'
	from /Users/dearboy/.rbenv/versions/2.1.1/bin/unicorn_rails:23:in `<main>'
I, [2014-05-08T23:37:17.037695 #1959]  INFO -- : Refreshing Gem list
/Users/dearboy/.rbenv/versions/2.1.1/lib/ruby/gems/2.1.0/gems/bundler-1.6.2/lib/bundler/runtime.rb:34:in `block in setup': You have already activated unicorn 4.8.3, but your Gemfile requires unicorn 4.8.2. Prepending `bundle exec` to your command may solve this. (Gem::LoadError)
	from /Users/dearboy/.rbenv/versions/2.1.1/lib/ruby/gems/2.1.0/gems/bundler-1.6.2/lib/bundler/runtime.rb:19:in `setup'
	from /Users/dearboy/.rbenv/versions/2.1.1/lib/ruby/gems/2.1.0/gems/bundler-1.6.2/lib/bundler.rb:120:in `setup'
	from /Users/dearboy/.rbenv/versions/2.1.1/lib/ruby/gems/2.1.0/gems/bundler-1.6.2/lib/bundler/setup.rb:17:in `<top (required)>'
	from /Users/dearboy/.rbenv/versions/2.1.1/lib/ruby/2.1.0/rubygems/core_ext/kernel_require.rb:135:in `require'
	from /Users/dearboy/.rbenv/versions/2.1.1/lib/ruby/2.1.0/rubygems/core_ext/kernel_require.rb:135:in `rescue in require'
	from /Users/dearboy/.rbenv/versions/2.1.1/lib/ruby/2.1.0/rubygems/core_ext/kernel_require.rb:144:in `require'
	from /Users/dearboy/Desktop/my_project/travelpic/travelpic/config/boot.rb:5:in `<top (required)>'
	from /Users/dearboy/.rbenv/versions/2.1.1/lib/ruby/2.1.0/rubygems/core_ext/kernel_require.rb:55:in `require'
	from /Users/dearboy/.rbenv/versions/2.1.1/lib/ruby/2.1.0/rubygems/core_ext/kernel_require.rb:55:in `require'
	from /Users/dearboy/Desktop/my_project/travelpic/travelpic/config/application.rb:1:in `<top (required)>'
	from /Users/dearboy/.rbenv/versions/2.1.1/lib/ruby/2.1.0/rubygems/core_ext/kernel_require.rb:55:in `require'
	from /Users/dearboy/.rbenv/versions/2.1.1/lib/ruby/2.1.0/rubygems/core_ext/kernel_require.rb:55:in `require'
	from /Users/dearboy/Desktop/my_project/travelpic/travelpic/config/environment.rb:2:in `<top (required)>'
	from /Users/dearboy/.rbenv/versions/2.1.1/lib/ruby/2.1.0/rubygems/core_ext/kernel_require.rb:55:in `require'
	from /Users/dearboy/.rbenv/versions/2.1.1/lib/ruby/2.1.0/rubygems/core_ext/kernel_require.rb:55:in `require'
	from config.ru:4:in `block in <main>'
	from /Users/dearboy/.rbenv/versions/2.1.1/lib/ruby/gems/2.1.0/gems/rack-1.5.2/lib/rack/builder.rb:55:in `instance_eval'
	from /Users/dearboy/.rbenv/versions/2.1.1/lib/ruby/gems/2.1.0/gems/rack-1.5.2/lib/rack/builder.rb:55:in `initialize'
	from config.ru:1:in `new'
	from config.ru:1:in `<main>'
	from /Users/dearboy/.rbenv/versions/2.1.1/lib/ruby/gems/2.1.0/gems/unicorn-4.8.3/lib/unicorn.rb:48:in `eval'
	from /Users/dearboy/.rbenv/versions/2.1.1/lib/ruby/gems/2.1.0/gems/unicorn-4.8.3/lib/unicorn.rb:48:in `block in builder'
	from /Users/dearboy/.rbenv/versions/2.1.1/lib/ruby/gems/2.1.0/gems/unicorn-4.8.3/bin/unicorn_rails:139:in `call'
	from /Users/dearboy/.rbenv/versions/2.1.1/lib/ruby/gems/2.1.0/gems/unicorn-4.8.3/bin/unicorn_rails:139:in `block in rails_builder'
	from /Users/dearboy/.rbenv/versions/2.1.1/lib/ruby/gems/2.1.0/gems/unicorn-4.8.3/lib/unicorn/http_server.rb:764:in `call'
	from /Users/dearboy/.rbenv/versions/2.1.1/lib/ruby/gems/2.1.0/gems/unicorn-4.8.3/lib/unicorn/http_server.rb:764:in `build_app!'
	from /Users/dearboy/.rbenv/versions/2.1.1/lib/ruby/gems/2.1.0/gems/unicorn-4.8.3/lib/unicorn/http_server.rb:137:in `start'
	from /Users/dearboy/.rbenv/versions/2.1.1/lib/ruby/gems/2.1.0/gems/unicorn-4.8.3/bin/unicorn_rails:209:in `<top (required)>'
	from /Users/dearboy/.rbenv/versions/2.1.1/bin/unicorn_rails:23:in `load'
	from /Users/dearboy/.rbenv/versions/2.1.1/bin/unicorn_rails:23:in `<main>'
I, [2014-05-08T23:37:22.661476 #1981]  INFO -- : Refreshing Gem list
/Users/dearboy/.rbenv/versions/2.1.1/lib/ruby/gems/2.1.0/gems/bundler-1.6.2/lib/bundler/runtime.rb:34:in `block in setup': You have already activated unicorn 4.8.3, but your Gemfile requires unicorn 4.8.2. Prepending `bundle exec` to your command may solve this. (Gem::LoadError)
	from /Users/dearboy/.rbenv/versions/2.1.1/lib/ruby/gems/2.1.0/gems/bundler-1.6.2/lib/bundler/runtime.rb:19:in `setup'
	from /Users/dearboy/.rbenv/versions/2.1.1/lib/ruby/gems/2.1.0/gems/bundler-1.6.2/lib/bundler.rb:120:in `setup'
	from /Users/dearboy/.rbenv/versions/2.1.1/lib/ruby/gems/2.1.0/gems/bundler-1.6.2/lib/bundler/setup.rb:17:in `<top (required)>'
	from /Users/dearboy/.rbenv/versions/2.1.1/lib/ruby/2.1.0/rubygems/core_ext/kernel_require.rb:135:in `require'
	from /Users/dearboy/.rbenv/versions/2.1.1/lib/ruby/2.1.0/rubygems/core_ext/kernel_require.rb:135:in `rescue in require'
	from /Users/dearboy/.rbenv/versions/2.1.1/lib/ruby/2.1.0/rubygems/core_ext/kernel_require.rb:144:in `require'
	from /Users/dearboy/Desktop/my_project/travelpic/travelpic/config/boot.rb:5:in `<top (required)>'
	from /Users/dearboy/.rbenv/versions/2.1.1/lib/ruby/2.1.0/rubygems/core_ext/kernel_require.rb:55:in `require'
	from /Users/dearboy/.rbenv/versions/2.1.1/lib/ruby/2.1.0/rubygems/core_ext/kernel_require.rb:55:in `require'
	from /Users/dearboy/Desktop/my_project/travelpic/travelpic/config/application.rb:1:in `<top (required)>'
	from /Users/dearboy/.rbenv/versions/2.1.1/lib/ruby/2.1.0/rubygems/core_ext/kernel_require.rb:55:in `require'
	from /Users/dearboy/.rbenv/versions/2.1.1/lib/ruby/2.1.0/rubygems/core_ext/kernel_require.rb:55:in `require'
	from /Users/dearboy/Desktop/my_project/travelpic/travelpic/config/environment.rb:2:in `<top (required)>'
	from /Users/dearboy/.rbenv/versions/2.1.1/lib/ruby/2.1.0/rubygems/core_ext/kernel_require.rb:55:in `require'
	from /Users/dearboy/.rbenv/versions/2.1.1/lib/ruby/2.1.0/rubygems/core_ext/kernel_require.rb:55:in `require'
	from config.ru:4:in `block in <main>'
	from /Users/dearboy/.rbenv/versions/2.1.1/lib/ruby/gems/2.1.0/gems/rack-1.5.2/lib/rack/builder.rb:55:in `instance_eval'
	from /Users/dearboy/.rbenv/versions/2.1.1/lib/ruby/gems/2.1.0/gems/rack-1.5.2/lib/rack/builder.rb:55:in `initialize'
	from config.ru:1:in `new'
	from config.ru:1:in `<main>'
	from /Users/dearboy/.rbenv/versions/2.1.1/lib/ruby/gems/2.1.0/gems/unicorn-4.8.3/lib/unicorn.rb:48:in `eval'
	from /Users/dearboy/.rbenv/versions/2.1.1/lib/ruby/gems/2.1.0/gems/unicorn-4.8.3/lib/unicorn.rb:48:in `block in builder'
	from /Users/dearboy/.rbenv/versions/2.1.1/lib/ruby/gems/2.1.0/gems/unicorn-4.8.3/bin/unicorn_rails:139:in `call'
	from /Users/dearboy/.rbenv/versions/2.1.1/lib/ruby/gems/2.1.0/gems/unicorn-4.8.3/bin/unicorn_rails:139:in `block in rails_builder'
	from /Users/dearboy/.rbenv/versions/2.1.1/lib/ruby/gems/2.1.0/gems/unicorn-4.8.3/lib/unicorn/http_server.rb:764:in `call'
	from /Users/dearboy/.rbenv/versions/2.1.1/lib/ruby/gems/2.1.0/gems/unicorn-4.8.3/lib/unicorn/http_server.rb:764:in `build_app!'
	from /Users/dearboy/.rbenv/versions/2.1.1/lib/ruby/gems/2.1.0/gems/unicorn-4.8.3/lib/unicorn/http_server.rb:137:in `start'
	from /Users/dearboy/.rbenv/versions/2.1.1/lib/ruby/gems/2.1.0/gems/unicorn-4.8.3/bin/unicorn_rails:209:in `<top (required)>'
	from /Users/dearboy/.rbenv/versions/2.1.1/bin/unicorn_rails:23:in `load'
	from /Users/dearboy/.rbenv/versions/2.1.1/bin/unicorn_rails:23:in `<main>'
I, [2014-05-08T23:43:50.601087 #2140]  INFO -- : Refreshing Gem list
I, [2014-05-08T23:43:56.864612 #2140]  INFO -- : listening on addr=/Users/dearboy/Desktop/my_project/travelpic/travelpic/tmp/sockets/unicorn.sock fd=10
I, [2014-05-08T23:43:57.297996 #2140]  INFO -- : master process ready
I, [2014-05-08T23:43:57.326639 #2161]  INFO -- : worker=1 ready
I, [2014-05-08T23:43:57.326639 #2160]  INFO -- : worker=0 ready
I, [2014-05-08T23:45:48.653419 #2140]  INFO -- : SIGWINCH ignored because we're not daemonized
I, [2014-05-08T23:45:48.685669 #2140]  INFO -- : SIGWINCH ignored because we're not daemonized
I, [2014-05-08T23:45:48.723618 #2140]  INFO -- : SIGWINCH ignored because we're not daemonized
I, [2014-05-08T23:45:48.756740 #2140]  INFO -- : SIGWINCH ignored because we're not daemonized
I, [2014-05-08T23:45:48.808908 #2140]  INFO -- : SIGWINCH ignored because we're not daemonized
I, [2014-05-08T23:45:48.811248 #2140]  INFO -- : SIGWINCH ignored because we're not daemonized
I, [2014-05-08T23:56:04.546922 #2177]  INFO -- : Refreshing Gem list
I, [2014-05-08T23:56:06.409752 #2177]  INFO -- : listening on addr=0.0.0.0:3131 fd=10
I, [2014-05-08T23:56:06.537156 #2177]  INFO -- : master process ready
I, [2014-05-08T23:56:06.544374 #2198]  INFO -- : worker=0 ready
I, [2014-05-08T23:56:06.546679 #2200]  INFO -- : worker=2 ready
I, [2014-05-08T23:56:06.547216 #2199]  INFO -- : worker=1 ready
I, [2014-05-08T23:56:06.550639 #2201]  INFO -- : worker=3 ready
I, [2014-05-09T08:20:56.053214 #2177]  INFO -- : SIGWINCH ignored because we're not daemonized
I, [2014-05-09T08:20:56.087312 #2177]  INFO -- : SIGWINCH ignored because we're not daemonized
I, [2014-05-09T08:21:08.955149 #2177]  INFO -- : reaped #<Process::Status: pid 2201 exit 0> worker=3
I, [2014-05-09T08:21:08.955293 #2177]  INFO -- : reaped #<Process::Status: pid 2200 exit 0> worker=2
I, [2014-05-09T08:21:08.955348 #2177]  INFO -- : reaped #<Process::Status: pid 2199 exit 0> worker=1
I, [2014-05-09T08:21:08.955507 #2177]  INFO -- : reaped #<Process::Status: pid 2198 exit 0> worker=0
I, [2014-05-09T08:21:08.955619 #2177]  INFO -- : master complete
